MeanMLP, oulad_aggregated label, bag_size_20, tabular, gpu_0 (1/4)
Create sweep with ID: n2guckw4
Sweep URL: https://wandb.ai/ninabraakman-university-of-amsterdam/MasterThesis/sweeps/n2guckw4
MaxMLP, oulad_aggregated label, bag_size_20, tabular, gpu_0 (2/4)
Create sweep with ID: 1zpf59c7
Sweep URL: https://wandb.ai/ninabraakman-university-of-amsterdam/MasterThesis/sweeps/1zpf59c7
AttentionMLP, oulad_aggregated label, bag_size_20, tabular, gpu_0 (3/4)
Create sweep with ID: gi6css55
Sweep URL: https://wandb.ai/ninabraakman-university-of-amsterdam/MasterThesis/sweeps/gi6css55
repset, oulad_aggregated label, bag_size_20, tabular, gpu_0 (4/4)
Create sweep with ID: avy4mfsw
Sweep URL: https://wandb.ai/ninabraakman-university-of-amsterdam/MasterThesis/sweeps/avy4mfsw

JOB STATISTICS
==============
Job ID: 12079290
Cluster: snellius
User/Group: nbraakman/nbraakman
State: RUNNING
Nodes: 1
Cores per node: 16
CPU Utilized: 00:00:00
CPU Efficiency: 0.00% of 06:10:08 core-walltime
Job Wall-clock time: 00:23:08
Memory Utilized: 0.00 MB
Memory Efficiency: 0.00% of 16.00 GB (16.00 GB/node)
WARNING: Efficiency statistics can only be obtained after the job has ended as seff tool is based on the accounting database data.
