MeanMLP, oulad_aggregated label, bag_size_20, tabular, gpu_0 (1/4)
Create sweep with ID: mhgj4c9j
Sweep URL: https://wandb.ai/ninabraakman-university-of-amsterdam/MasterThesis/sweeps/mhgj4c9j
MaxMLP, oulad_aggregated label, bag_size_20, tabular, gpu_0 (2/4)
Create sweep with ID: 9xc252jz
Sweep URL: https://wandb.ai/ninabraakman-university-of-amsterdam/MasterThesis/sweeps/9xc252jz
AttentionMLP, oulad_aggregated label, bag_size_20, tabular, gpu_0 (3/4)
Create sweep with ID: mbwb1gj4
Sweep URL: https://wandb.ai/ninabraakman-university-of-amsterdam/MasterThesis/sweeps/mbwb1gj4
repset, oulad_aggregated label, bag_size_20, tabular, gpu_0 (4/4)
Create sweep with ID: 4q6bbgig
Sweep URL: https://wandb.ai/ninabraakman-university-of-amsterdam/MasterThesis/sweeps/4q6bbgig

JOB STATISTICS
==============
Job ID: 12079284
Cluster: snellius
User/Group: nbraakman/nbraakman
State: RUNNING
Nodes: 1
Cores per node: 16
CPU Utilized: 00:00:00
CPU Efficiency: 0.00% of 04:54:56 core-walltime
Job Wall-clock time: 00:18:26
Memory Utilized: 0.00 MB
Memory Efficiency: 0.00% of 16.00 GB (16.00 GB/node)
WARNING: Efficiency statistics can only be obtained after the job has ended as seff tool is based on the accounting database data.
