MeanMLP, oulad_aggregated label, bag_size_20, tabular, gpu_0 (1/4)
Create sweep with ID: z6z96wt5
Sweep URL: https://wandb.ai/ninabraakman-university-of-amsterdam/MasterThesis/sweeps/z6z96wt5
MaxMLP, oulad_aggregated label, bag_size_20, tabular, gpu_0 (2/4)
Create sweep with ID: es5l2n54
Sweep URL: https://wandb.ai/ninabraakman-university-of-amsterdam/MasterThesis/sweeps/es5l2n54
AttentionMLP, oulad_aggregated label, bag_size_20, tabular, gpu_0 (3/4)
Create sweep with ID: b5ujg250
Sweep URL: https://wandb.ai/ninabraakman-university-of-amsterdam/MasterThesis/sweeps/b5ujg250
repset, oulad_aggregated label, bag_size_20, tabular, gpu_0 (4/4)
Create sweep with ID: 6l1hmk6g
Sweep URL: https://wandb.ai/ninabraakman-university-of-amsterdam/MasterThesis/sweeps/6l1hmk6g

JOB STATISTICS
==============
Job ID: 12078899
Cluster: snellius
User/Group: nbraakman/nbraakman
State: COMPLETED (exit code 0)
Nodes: 1
Cores per node: 16
CPU Utilized: 00:38:47
CPU Efficiency: 9.91% of 06:31:12 core-walltime
Job Wall-clock time: 00:24:27
Memory Utilized: 1.32 GB
Memory Efficiency: 8.22% of 16.00 GB (16.00 GB/node)
