MeanMLP, oulad_aggregated label, bag_size_20, tabular, gpu_0 (1/4)
Create sweep with ID: e8tj5k4b
Sweep URL: https://wandb.ai/ninabraakman-university-of-amsterdam/MasterThesis/sweeps/e8tj5k4b
MaxMLP, oulad_aggregated label, bag_size_20, tabular, gpu_0 (2/4)
Create sweep with ID: y1wmspy4
Sweep URL: https://wandb.ai/ninabraakman-university-of-amsterdam/MasterThesis/sweeps/y1wmspy4
AttentionMLP, oulad_aggregated label, bag_size_20, tabular, gpu_0 (3/4)
Create sweep with ID: q7fw4d4z
Sweep URL: https://wandb.ai/ninabraakman-university-of-amsterdam/MasterThesis/sweeps/q7fw4d4z
repset, oulad_aggregated label, bag_size_20, tabular, gpu_0 (4/4)
Create sweep with ID: 4qso2mgg
Sweep URL: https://wandb.ai/ninabraakman-university-of-amsterdam/MasterThesis/sweeps/4qso2mgg

JOB STATISTICS
==============
Job ID: 12079296
Cluster: snellius
User/Group: nbraakman/nbraakman
State: COMPLETED (exit code 0)
Nodes: 1
Cores per node: 16
CPU Utilized: 00:40:07
CPU Efficiency: 9.90% of 06:45:20 core-walltime
Job Wall-clock time: 00:25:20
Memory Utilized: 1.08 GB
Memory Efficiency: 6.76% of 16.00 GB (16.00 GB/node)
