MeanMLP, oulad_aggregated label, bag_size_20, tabular, gpu_0 (1/4)
Create sweep with ID: ukn1rd7s
Sweep URL: https://wandb.ai/ninabraakman-university-of-amsterdam/MasterThesis/sweeps/ukn1rd7s
MaxMLP, oulad_aggregated label, bag_size_20, tabular, gpu_0 (2/4)
Create sweep with ID: qspl32hg
Sweep URL: https://wandb.ai/ninabraakman-university-of-amsterdam/MasterThesis/sweeps/qspl32hg
AttentionMLP, oulad_aggregated label, bag_size_20, tabular, gpu_0 (3/4)
Create sweep with ID: liq2gncs
Sweep URL: https://wandb.ai/ninabraakman-university-of-amsterdam/MasterThesis/sweeps/liq2gncs
repset, oulad_aggregated label, bag_size_20, tabular, gpu_0 (4/4)
Create sweep with ID: iw9sb3ba
Sweep URL: https://wandb.ai/ninabraakman-university-of-amsterdam/MasterThesis/sweeps/iw9sb3ba

JOB STATISTICS
==============
Job ID: 12079293
Cluster: snellius
User/Group: nbraakman/nbraakman
State: RUNNING
Nodes: 1
Cores per node: 16
CPU Utilized: 00:00:00
CPU Efficiency: 0.00% of 07:34:08 core-walltime
Job Wall-clock time: 00:28:23
Memory Utilized: 0.00 MB
Memory Efficiency: 0.00% of 16.00 GB (16.00 GB/node)
WARNING: Efficiency statistics can only be obtained after the job has ended as seff tool is based on the accounting database data.
