Run 1/4: baseline=MeanMLP, bag_size=20, embed=tabular
Create sweep with ID: e50hy702
Sweep URL: https://wandb.ai/ninabraakman-university-of-amsterdam/MasterThesis/sweeps/e50hy702
Run 2/4: baseline=MaxMLP, bag_size=20, embed=tabular
Create sweep with ID: 5pmrofql
Sweep URL: https://wandb.ai/ninabraakman-university-of-amsterdam/MasterThesis/sweeps/5pmrofql
Run 3/4: baseline=AttentionMLP, bag_size=20, embed=tabular
Create sweep with ID: kv4xnq4k
Sweep URL: https://wandb.ai/ninabraakman-university-of-amsterdam/MasterThesis/sweeps/kv4xnq4k
Run 4/4: baseline=repset, bag_size=20, embed=tabular
Create sweep with ID: 3260pxid
Sweep URL: https://wandb.ai/ninabraakman-university-of-amsterdam/MasterThesis/sweeps/3260pxid

JOB STATISTICS
==============
Job ID: 12130444
Cluster: snellius
User/Group: nbraakman/nbraakman
State: COMPLETED (exit code 0)
Nodes: 1
Cores per node: 16
CPU Utilized: 00:36:18
CPU Efficiency: 11.00% of 05:30:08 core-walltime
Job Wall-clock time: 00:20:38
Memory Utilized: 1.08 GB
Memory Efficiency: 6.76% of 16.00 GB (16.00 GB/node)
