Run 1/4: baseline=MeanMLP, bag_size=20, embed=tabular
Create sweep with ID: 0o6q89bo
Sweep URL: https://wandb.ai/ninabraakman-university-of-amsterdam/MasterThesis/sweeps/0o6q89bo
Run 2/4: baseline=MaxMLP, bag_size=20, embed=tabular
Create sweep with ID: u0668uhg
Sweep URL: https://wandb.ai/ninabraakman-university-of-amsterdam/MasterThesis/sweeps/u0668uhg
Run 3/4: baseline=AttentionMLP, bag_size=20, embed=tabular
Create sweep with ID: 0m8xqq3a
Sweep URL: https://wandb.ai/ninabraakman-university-of-amsterdam/MasterThesis/sweeps/0m8xqq3a
Run 4/4: baseline=repset, bag_size=20, embed=tabular
Create sweep with ID: os6iz17h
Sweep URL: https://wandb.ai/ninabraakman-university-of-amsterdam/MasterThesis/sweeps/os6iz17h

JOB STATISTICS
==============
Job ID: 12130451
Cluster: snellius
User/Group: nbraakman/nbraakman
State: COMPLETED (exit code 0)
Nodes: 1
Cores per node: 16
CPU Utilized: 00:43:33
CPU Efficiency: 10.93% of 06:38:24 core-walltime
Job Wall-clock time: 00:24:54
Memory Utilized: 1.03 GB
Memory Efficiency: 6.44% of 16.00 GB (16.00 GB/node)
