MeanMLP, oulad_full label, bag_size_20, tabular, gpu_0 (1/4)
Create sweep with ID: 3phxxauh
Sweep URL: https://wandb.ai/ninabraakman-university-of-amsterdam/MasterThesis/sweeps/3phxxauh
MaxMLP, oulad_full label, bag_size_20, tabular, gpu_0 (2/4)
Create sweep with ID: vtu3lomi
Sweep URL: https://wandb.ai/ninabraakman-university-of-amsterdam/MasterThesis/sweeps/vtu3lomi
AttentionMLP, oulad_full label, bag_size_20, tabular, gpu_0 (3/4)
Create sweep with ID: p0b706o4
Sweep URL: https://wandb.ai/ninabraakman-university-of-amsterdam/MasterThesis/sweeps/p0b706o4
repset, oulad_full label, bag_size_20, tabular, gpu_0 (4/4)
Create sweep with ID: jh98c3k8
Sweep URL: https://wandb.ai/ninabraakman-university-of-amsterdam/MasterThesis/sweeps/jh98c3k8

JOB STATISTICS
==============
Job ID: 12080185
Cluster: snellius
User/Group: nbraakman/nbraakman
State: COMPLETED (exit code 0)
Nodes: 1
Cores per node: 16
CPU Utilized: 00:29:49
CPU Efficiency: 10.82% of 04:35:28 core-walltime
Job Wall-clock time: 00:17:13
Memory Utilized: 4.09 GB
Memory Efficiency: 25.59% of 16.00 GB (16.00 GB/node)
