MeanMLP, oulad_full label, bag_size_20, tabular, gpu_0 (1/4)
Create sweep with ID: grcqpmrs
Sweep URL: https://wandb.ai/ninabraakman-university-of-amsterdam/MasterThesis/sweeps/grcqpmrs
MaxMLP, oulad_full label, bag_size_20, tabular, gpu_0 (2/4)
Create sweep with ID: m4bjpyq2
Sweep URL: https://wandb.ai/ninabraakman-university-of-amsterdam/MasterThesis/sweeps/m4bjpyq2
AttentionMLP, oulad_full label, bag_size_20, tabular, gpu_0 (3/4)
Create sweep with ID: wvocrem2
Sweep URL: https://wandb.ai/ninabraakman-university-of-amsterdam/MasterThesis/sweeps/wvocrem2
repset, oulad_full label, bag_size_20, tabular, gpu_0 (4/4)
Create sweep with ID: wo6s4xhx
Sweep URL: https://wandb.ai/ninabraakman-university-of-amsterdam/MasterThesis/sweeps/wo6s4xhx

JOB STATISTICS
==============
Job ID: 12080192
Cluster: snellius
User/Group: nbraakman/nbraakman
State: COMPLETED (exit code 0)
Nodes: 1
Cores per node: 16
CPU Utilized: 00:34:42
CPU Efficiency: 11.32% of 05:06:40 core-walltime
Job Wall-clock time: 00:19:10
Memory Utilized: 4.01 GB
Memory Efficiency: 25.04% of 16.00 GB (16.00 GB/node)
