MeanMLP, oulad_full label, bag_size_20, tabular, gpu_0 (1/4)
Create sweep with ID: b6yje7dw
Sweep URL: https://wandb.ai/ninabraakman-university-of-amsterdam/MasterThesis/sweeps/b6yje7dw
MaxMLP, oulad_full label, bag_size_20, tabular, gpu_0 (2/4)
Create sweep with ID: tg02ypw4
Sweep URL: https://wandb.ai/ninabraakman-university-of-amsterdam/MasterThesis/sweeps/tg02ypw4
AttentionMLP, oulad_full label, bag_size_20, tabular, gpu_0 (3/4)
Create sweep with ID: ga4wwg2i
Sweep URL: https://wandb.ai/ninabraakman-university-of-amsterdam/MasterThesis/sweeps/ga4wwg2i
repset, oulad_full label, bag_size_20, tabular, gpu_0 (4/4)
Create sweep with ID: psw2zm8w
Sweep URL: https://wandb.ai/ninabraakman-university-of-amsterdam/MasterThesis/sweeps/psw2zm8w

JOB STATISTICS
==============
Job ID: 12080193
Cluster: snellius
User/Group: nbraakman/nbraakman
State: COMPLETED (exit code 0)
Nodes: 1
Cores per node: 16
CPU Utilized: 00:35:51
CPU Efficiency: 11.26% of 05:18:24 core-walltime
Job Wall-clock time: 00:19:54
Memory Utilized: 3.77 GB
Memory Efficiency: 23.55% of 16.00 GB (16.00 GB/node)
