MeanMLP, oulad_full label, bag_size_20, tabular, gpu_0 (1/4)
Create sweep with ID: etn51c3f
Sweep URL: https://wandb.ai/ninabraakman-university-of-amsterdam/MasterThesis/sweeps/etn51c3f
MaxMLP, oulad_full label, bag_size_20, tabular, gpu_0 (2/4)
Create sweep with ID: ak7pciv8
Sweep URL: https://wandb.ai/ninabraakman-university-of-amsterdam/MasterThesis/sweeps/ak7pciv8
AttentionMLP, oulad_full label, bag_size_20, tabular, gpu_0 (3/4)
Create sweep with ID: hk03gcga
Sweep URL: https://wandb.ai/ninabraakman-university-of-amsterdam/MasterThesis/sweeps/hk03gcga
repset, oulad_full label, bag_size_20, tabular, gpu_0 (4/4)
Create sweep with ID: 50j4d3o8
Sweep URL: https://wandb.ai/ninabraakman-university-of-amsterdam/MasterThesis/sweeps/50j4d3o8

JOB STATISTICS
==============
Job ID: 12080204
Cluster: snellius
User/Group: nbraakman/nbraakman
State: COMPLETED (exit code 0)
Nodes: 1
Cores per node: 16
CPU Utilized: 00:30:44
CPU Efficiency: 10.99% of 04:39:44 core-walltime
Job Wall-clock time: 00:17:29
Memory Utilized: 4.18 GB
Memory Efficiency: 26.15% of 16.00 GB (16.00 GB/node)
