Run 1/4: baseline=MeanMLP, bag_size=20, embed=tabular
Create sweep with ID: 6jyv4xg9
Sweep URL: https://wandb.ai/ninabraakman-university-of-amsterdam/MasterThesis/sweeps/6jyv4xg9
Run 2/4: baseline=MaxMLP, bag_size=20, embed=tabular
Create sweep with ID: fobtzvoi
Sweep URL: https://wandb.ai/ninabraakman-university-of-amsterdam/MasterThesis/sweeps/fobtzvoi
Run 3/4: baseline=AttentionMLP, bag_size=20, embed=tabular
Create sweep with ID: nbpdybv8
Sweep URL: https://wandb.ai/ninabraakman-university-of-amsterdam/MasterThesis/sweeps/nbpdybv8
Run 4/4: baseline=repset, bag_size=20, embed=tabular
Create sweep with ID: 1symfx94
Sweep URL: https://wandb.ai/ninabraakman-university-of-amsterdam/MasterThesis/sweeps/1symfx94

JOB STATISTICS
==============
Job ID: 12130500
Cluster: snellius
User/Group: nbraakman/nbraakman
State: RUNNING
Nodes: 1
Cores per node: 16
CPU Utilized: 00:00:00
CPU Efficiency: 0.00% of 5-07:58:08 core-walltime
Job Wall-clock time: 07:59:53
Memory Utilized: 0.00 MB
Memory Efficiency: 0.00% of 16.00 GB (16.00 GB/node)
WARNING: Efficiency statistics can only be obtained after the job has ended as seff tool is based on the accounting database data.
