Run 1/4: baseline=MeanMLP, bag_size=20, embed=tabular
Create sweep with ID: mjcbrctw
Sweep URL: https://wandb.ai/ninabraakman-university-of-amsterdam/MasterThesis/sweeps/mjcbrctw
Run 2/4: baseline=MaxMLP, bag_size=20, embed=tabular
Create sweep with ID: zoc1c2p7
Sweep URL: https://wandb.ai/ninabraakman-university-of-amsterdam/MasterThesis/sweeps/zoc1c2p7
Run 3/4: baseline=AttentionMLP, bag_size=20, embed=tabular
Create sweep with ID: b1jkj33p
Sweep URL: https://wandb.ai/ninabraakman-university-of-amsterdam/MasterThesis/sweeps/b1jkj33p
Run 4/4: baseline=repset, bag_size=20, embed=tabular
Create sweep with ID: j8anb0nv
Sweep URL: https://wandb.ai/ninabraakman-university-of-amsterdam/MasterThesis/sweeps/j8anb0nv

JOB STATISTICS
==============
Job ID: 12130499
Cluster: snellius
User/Group: nbraakman/nbraakman
State: RUNNING
Nodes: 1
Cores per node: 16
CPU Utilized: 00:00:00
CPU Efficiency: 0.00% of 4-01:44:00 core-walltime
Job Wall-clock time: 06:06:30
Memory Utilized: 0.00 MB
Memory Efficiency: 0.00% of 16.00 GB (16.00 GB/node)
WARNING: Efficiency statistics can only be obtained after the job has ended as seff tool is based on the accounting database data.
