Run 1/4: baseline=MeanMLP, bag_size=20, embed=tabular
Create sweep with ID: 7oyxzwid
Sweep URL: https://wandb.ai/ninabraakman-university-of-amsterdam/MasterThesis/sweeps/7oyxzwid
Run 2/4: baseline=MaxMLP, bag_size=20, embed=tabular
Create sweep with ID: lycs9zpn
Sweep URL: https://wandb.ai/ninabraakman-university-of-amsterdam/MasterThesis/sweeps/lycs9zpn
Run 3/4: baseline=AttentionMLP, bag_size=20, embed=tabular
Create sweep with ID: 2j3xnbn3
Sweep URL: https://wandb.ai/ninabraakman-university-of-amsterdam/MasterThesis/sweeps/2j3xnbn3
Run 4/4: baseline=repset, bag_size=20, embed=tabular
Create sweep with ID: vqaof6bn
Sweep URL: https://wandb.ai/ninabraakman-university-of-amsterdam/MasterThesis/sweeps/vqaof6bn

JOB STATISTICS
==============
Job ID: 12130497
Cluster: snellius
User/Group: nbraakman/nbraakman
State: COMPLETED (exit code 0)
Nodes: 1
Cores per node: 16
CPU Utilized: 11:50:11
CPU Efficiency: 11.35% of 4-08:19:28 core-walltime
Job Wall-clock time: 06:31:13
Memory Utilized: 1.47 GB
Memory Efficiency: 9.16% of 16.00 GB (16.00 GB/node)
