MeanMLP, oulad_full_subset label, bag_size_20, tabular, gpu_0 (1/4)
Create sweep with ID: ml0hiobq
Sweep URL: https://wandb.ai/ninabraakman-university-of-amsterdam/MasterThesis/sweeps/ml0hiobq
MeanMLP, oulad_full_subset label, bag_size_20, tabular, gpu_0 (2/4)
Create sweep with ID: v228i2ap
Sweep URL: https://wandb.ai/ninabraakman-university-of-amsterdam/MasterThesis/sweeps/v228i2ap
MeanMLP, oulad_full_subset label, bag_size_20, tabular, gpu_0 (3/4)
Create sweep with ID: yfr1t3w5
Sweep URL: https://wandb.ai/ninabraakman-university-of-amsterdam/MasterThesis/sweeps/yfr1t3w5
MeanMLP, oulad_full_subset label, bag_size_20, tabular, gpu_0 (4/4)
Create sweep with ID: s3j7ujbq
Sweep URL: https://wandb.ai/ninabraakman-university-of-amsterdam/MasterThesis/sweeps/s3j7ujbq

JOB STATISTICS
==============
Job ID: 12052183
Cluster: snellius
User/Group: nbraakman/nbraakman
State: COMPLETED (exit code 0)
Nodes: 1
Cores per node: 16
CPU Utilized: 12:31:44
CPU Efficiency: 11.78% of 4-10:24:00 core-walltime
Job Wall-clock time: 06:39:00
Memory Utilized: 1.34 GB
Memory Efficiency: 8.39% of 16.00 GB (16.00 GB/node)
