MeanMLP, oulad_full_subset label, bag_size_20, tabular, gpu_0 (1/4)
Create sweep with ID: ciwdkp3z
Sweep URL: https://wandb.ai/ninabraakman-university-of-amsterdam/MasterThesis/sweeps/ciwdkp3z
MaxMLP, oulad_full_subset label, bag_size_20, tabular, gpu_0 (2/4)
Create sweep with ID: 965x6drt
Sweep URL: https://wandb.ai/ninabraakman-university-of-amsterdam/MasterThesis/sweeps/965x6drt
AttentionMLP, oulad_full_subset label, bag_size_20, tabular, gpu_0 (3/4)
Create sweep with ID: zwm4xct2
Sweep URL: https://wandb.ai/ninabraakman-university-of-amsterdam/MasterThesis/sweeps/zwm4xct2
repset, oulad_full_subset label, bag_size_20, tabular, gpu_0 (4/4)
Create sweep with ID: 2u82r01o
Sweep URL: https://wandb.ai/ninabraakman-university-of-amsterdam/MasterThesis/sweeps/2u82r01o

JOB STATISTICS
==============
Job ID: 12116333
Cluster: snellius
User/Group: nbraakman/nbraakman
State: TIMEOUT (exit code 0)
Nodes: 1
Cores per node: 16
CPU Utilized: 07:00:12
CPU Efficiency: 10.93% of 2-16:04:32 core-walltime
Job Wall-clock time: 04:00:17
Memory Utilized: 1.48 GB
Memory Efficiency: 4.63% of 32.00 GB (32.00 GB/node)
