wandb: Agent Starting Run: vs4o4rgi with config:
wandb: 	actor_learning_rate: 3.904474686688955e-05
wandb: 	batch_size: 128
wandb: 	critic_learning_rate: 0
wandb: 	early_stopping_patience: 100
wandb: 	epochs: 800
wandb: 	epsilon: 0.8318673552537419
wandb: 	hdim: 8
wandb: 	learning_rate: 1e-06
wandb: 	reg_coef: 0.43910624946179433
wandb: Currently logged in as: ninabraakman (ninabraakman-university-of-amsterdam) to https://api.wandb.ai. Use `wandb login --relogin` to force relogin
wandb: Tracking run with wandb version 0.19.11
wandb: Run data is saved locally in /gpfs/work5/0/prjs1491/Attention-based-RL-MIL/wandb/run-20250530_013611-vs4o4rgi
wandb: Run `wandb offline` to turn off syncing.
wandb: Syncing run copper-sweep-1
wandb: ⭐️ View project at https://wandb.ai/ninabraakman-university-of-amsterdam/MasterThesis
wandb: 🧹 View sweep at https://wandb.ai/ninabraakman-university-of-amsterdam/MasterThesis/sweeps/td6v2jsv
wandb: 🚀 View run at https://wandb.ai/ninabraakman-university-of-amsterdam/MasterThesis/runs/vs4o4rgi
/gpfs/work5/0/prjs1491/Attention-based-RL-MIL/venv/lib64/python3.9/site-packages/networkx/utils/backends.py:135: RuntimeWarning: networkx backend defined more than once: nx-loopback
  backends.update(_get_backends("networkx.backends"))
wandb:                                                                                
wandb: 🚀 View run copper-sweep-1 at: https://wandb.ai/ninabraakman-university-of-amsterdam/MasterThesis/runs/vs4o4rgi
wandb: ⭐️ View project at: https://wandb.ai/ninabraakman-university-of-amsterdam/MasterThesis
wandb: Synced 5 W&B file(s), 0 media file(s), 0 artifact file(s) and 0 other file(s)
wandb: Find logs at: ./wandb/run-20250530_013611-vs4o4rgi/logs
wandb: ERROR Run vs4o4rgi errored:
wandb: ERROR Traceback (most recent call last):
wandb: ERROR   File "/gpfs/work5/0/prjs1491/Attention-based-RL-MIL/venv/lib64/python3.9/site-packages/wandb/agents/pyagent.py", line 306, in _run_job
wandb: ERROR     self._function()
wandb: ERROR   File "/gpfs/work5/0/prjs1491/Attention-based-RL-MIL/run_rlmil.py", line 556, in main_sweep
wandb: ERROR     policy_network = train(
wandb: ERROR   File "/gpfs/work5/0/prjs1491/Attention-based-RL-MIL/run_rlmil.py", line 356, in train
wandb: ERROR     log_dict = get_first_batch_info(policy_network, eval_dataloader, device, bag_size, sample_algorithm)
wandb: ERROR   File "/gpfs/work5/0/prjs1491/Attention-based-RL-MIL/run_rlmil.py", line 309, in get_first_batch_info
wandb: ERROR     action, _ = sample_action(action_probs, bag_size, device, random=False, algorithm=sample_algorithm)
wandb: ERROR   File "/gpfs/work5/0/prjs1491/Attention-based-RL-MIL/models.py", line 540, in sample_action
wandb: ERROR     return sample_static_action(action_probs, n, device, random=random)
wandb: ERROR   File "/gpfs/work5/0/prjs1491/Attention-based-RL-MIL/models.py", line 588, in sample_static_action
wandb: ERROR     action = action_sort.indices[:, :n]
wandb: ERROR IndexError: too many indices for tensor of dimension 1
wandb: ERROR 
wandb: Sweep Agent: Waiting for job.
wandb: Sweep Agent: Exiting.
wandb: Agent Starting Run: f74ti07k with config:
wandb: 	actor_learning_rate: 3.904474686688955e-05
wandb: 	batch_size: 128
wandb: 	critic_learning_rate: 0
wandb: 	early_stopping_patience: 100
wandb: 	epochs: 800
wandb: 	epsilon: 0.8318673552537419
wandb: 	hdim: 8
wandb: 	learning_rate: 1e-06
wandb: 	reg_coef: 0.43910624946179433
wandb: Currently logged in as: ninabraakman (ninabraakman-university-of-amsterdam) to https://api.wandb.ai. Use `wandb login --relogin` to force relogin
wandb: Tracking run with wandb version 0.19.11
wandb: Run data is saved locally in /gpfs/work5/0/prjs1491/Attention-based-RL-MIL/wandb/run-20250530_013640-f74ti07k
wandb: Run `wandb offline` to turn off syncing.
wandb: Syncing run classic-sweep-1
wandb: ⭐️ View project at https://wandb.ai/ninabraakman-university-of-amsterdam/MasterThesis
wandb: 🧹 View sweep at https://wandb.ai/ninabraakman-university-of-amsterdam/MasterThesis/sweeps/px1zhij2
wandb: 🚀 View run at https://wandb.ai/ninabraakman-university-of-amsterdam/MasterThesis/runs/f74ti07k
/gpfs/work5/0/prjs1491/Attention-based-RL-MIL/venv/lib64/python3.9/site-packages/networkx/utils/backends.py:135: RuntimeWarning: networkx backend defined more than once: nx-loopback
  backends.update(_get_backends("networkx.backends"))
wandb:                                                                                
wandb: 🚀 View run classic-sweep-1 at: https://wandb.ai/ninabraakman-university-of-amsterdam/MasterThesis/runs/f74ti07k
wandb: ⭐️ View project at: https://wandb.ai/ninabraakman-university-of-amsterdam/MasterThesis
wandb: Synced 5 W&B file(s), 0 media file(s), 0 artifact file(s) and 0 other file(s)
wandb: Find logs at: ./wandb/run-20250530_013640-f74ti07k/logs
wandb: ERROR Run f74ti07k errored:
wandb: ERROR Traceback (most recent call last):
wandb: ERROR   File "/gpfs/work5/0/prjs1491/Attention-based-RL-MIL/venv/lib64/python3.9/site-packages/wandb/agents/pyagent.py", line 306, in _run_job
wandb: ERROR     self._function()
wandb: ERROR   File "/gpfs/work5/0/prjs1491/Attention-based-RL-MIL/run_rlmil.py", line 556, in main_sweep
wandb: ERROR     policy_network = train(
wandb: ERROR   File "/gpfs/work5/0/prjs1491/Attention-based-RL-MIL/run_rlmil.py", line 356, in train
wandb: ERROR     log_dict = get_first_batch_info(policy_network, eval_dataloader, device, bag_size, sample_algorithm)
wandb: ERROR   File "/gpfs/work5/0/prjs1491/Attention-based-RL-MIL/run_rlmil.py", line 309, in get_first_batch_info
wandb: ERROR     action, _ = sample_action(action_probs, bag_size, device, random=False, algorithm=sample_algorithm)
wandb: ERROR   File "/gpfs/work5/0/prjs1491/Attention-based-RL-MIL/models.py", line 540, in sample_action
wandb: ERROR     return sample_static_action(action_probs, n, device, random=random)
wandb: ERROR   File "/gpfs/work5/0/prjs1491/Attention-based-RL-MIL/models.py", line 588, in sample_static_action
wandb: ERROR     action = action_sort.indices[:, :n]
wandb: ERROR IndexError: too many indices for tensor of dimension 1
wandb: ERROR 
wandb: Sweep Agent: Waiting for job.
wandb: Sweep Agent: Exiting.
wandb: Agent Starting Run: ui8ftk9j with config:
wandb: 	actor_learning_rate: 3.904474686688955e-05
wandb: 	batch_size: 128
wandb: 	critic_learning_rate: 0
wandb: 	early_stopping_patience: 100
wandb: 	epochs: 800
wandb: 	epsilon: 0.8318673552537419
wandb: 	hdim: 8
wandb: 	learning_rate: 1e-06
wandb: 	reg_coef: 0.43910624946179433
wandb: Currently logged in as: ninabraakman (ninabraakman-university-of-amsterdam) to https://api.wandb.ai. Use `wandb login --relogin` to force relogin
wandb: Tracking run with wandb version 0.19.11
wandb: Run data is saved locally in /gpfs/work5/0/prjs1491/Attention-based-RL-MIL/wandb/run-20250530_013702-ui8ftk9j
wandb: Run `wandb offline` to turn off syncing.
wandb: Syncing run hopeful-sweep-1
wandb: ⭐️ View project at https://wandb.ai/ninabraakman-university-of-amsterdam/MasterThesis
wandb: 🧹 View sweep at https://wandb.ai/ninabraakman-university-of-amsterdam/MasterThesis/sweeps/ep0mrxcb
wandb: 🚀 View run at https://wandb.ai/ninabraakman-university-of-amsterdam/MasterThesis/runs/ui8ftk9j
/gpfs/work5/0/prjs1491/Attention-based-RL-MIL/venv/lib64/python3.9/site-packages/networkx/utils/backends.py:135: RuntimeWarning: networkx backend defined more than once: nx-loopback
  backends.update(_get_backends("networkx.backends"))
wandb:                                                                                
wandb: 🚀 View run hopeful-sweep-1 at: https://wandb.ai/ninabraakman-university-of-amsterdam/MasterThesis/runs/ui8ftk9j
wandb: ⭐️ View project at: https://wandb.ai/ninabraakman-university-of-amsterdam/MasterThesis
wandb: Synced 5 W&B file(s), 0 media file(s), 0 artifact file(s) and 0 other file(s)
wandb: Find logs at: ./wandb/run-20250530_013702-ui8ftk9j/logs
wandb: ERROR Run ui8ftk9j errored:
wandb: ERROR Traceback (most recent call last):
wandb: ERROR   File "/gpfs/work5/0/prjs1491/Attention-based-RL-MIL/venv/lib64/python3.9/site-packages/wandb/agents/pyagent.py", line 306, in _run_job
wandb: ERROR     self._function()
wandb: ERROR   File "/gpfs/work5/0/prjs1491/Attention-based-RL-MIL/run_rlmil.py", line 556, in main_sweep
wandb: ERROR     policy_network = train(
wandb: ERROR   File "/gpfs/work5/0/prjs1491/Attention-based-RL-MIL/run_rlmil.py", line 356, in train
wandb: ERROR     log_dict = get_first_batch_info(policy_network, eval_dataloader, device, bag_size, sample_algorithm)
wandb: ERROR   File "/gpfs/work5/0/prjs1491/Attention-based-RL-MIL/run_rlmil.py", line 309, in get_first_batch_info
wandb: ERROR     action, _ = sample_action(action_probs, bag_size, device, random=False, algorithm=sample_algorithm)
wandb: ERROR   File "/gpfs/work5/0/prjs1491/Attention-based-RL-MIL/models.py", line 540, in sample_action
wandb: ERROR     return sample_static_action(action_probs, n, device, random=random)
wandb: ERROR   File "/gpfs/work5/0/prjs1491/Attention-based-RL-MIL/models.py", line 588, in sample_static_action
wandb: ERROR     action = action_sort.indices[:, :n]
wandb: ERROR IndexError: too many indices for tensor of dimension 1
wandb: ERROR 
wandb: Sweep Agent: Waiting for job.
wandb: Sweep Agent: Exiting.
wandb: Agent Starting Run: e9jqgr6x with config:
wandb: 	actor_learning_rate: 3.904474686688955e-05
wandb: 	batch_size: 128
wandb: 	critic_learning_rate: 0
wandb: 	early_stopping_patience: 100
wandb: 	epochs: 800
wandb: 	epsilon: 0.8318673552537419
wandb: 	hdim: 8
wandb: 	learning_rate: 1e-06
wandb: 	reg_coef: 0.43910624946179433
wandb: Currently logged in as: ninabraakman (ninabraakman-university-of-amsterdam) to https://api.wandb.ai. Use `wandb login --relogin` to force relogin
wandb: Tracking run with wandb version 0.19.11
wandb: Run data is saved locally in /gpfs/work5/0/prjs1491/Attention-based-RL-MIL/wandb/run-20250530_013725-e9jqgr6x
wandb: Run `wandb offline` to turn off syncing.
wandb: Syncing run magic-sweep-1
wandb: ⭐️ View project at https://wandb.ai/ninabraakman-university-of-amsterdam/MasterThesis
wandb: 🧹 View sweep at https://wandb.ai/ninabraakman-university-of-amsterdam/MasterThesis/sweeps/oxt2yf3w
wandb: 🚀 View run at https://wandb.ai/ninabraakman-university-of-amsterdam/MasterThesis/runs/e9jqgr6x
/gpfs/work5/0/prjs1491/Attention-based-RL-MIL/venv/lib64/python3.9/site-packages/networkx/utils/backends.py:135: RuntimeWarning: networkx backend defined more than once: nx-loopback
  backends.update(_get_backends("networkx.backends"))
wandb:                                                                                
wandb: 🚀 View run magic-sweep-1 at: https://wandb.ai/ninabraakman-university-of-amsterdam/MasterThesis/runs/e9jqgr6x
wandb: ⭐️ View project at: https://wandb.ai/ninabraakman-university-of-amsterdam/MasterThesis
wandb: Synced 5 W&B file(s), 0 media file(s), 0 artifact file(s) and 0 other file(s)
wandb: Find logs at: ./wandb/run-20250530_013725-e9jqgr6x/logs
wandb: ERROR Run e9jqgr6x errored:
wandb: ERROR Traceback (most recent call last):
wandb: ERROR   File "/gpfs/work5/0/prjs1491/Attention-based-RL-MIL/venv/lib64/python3.9/site-packages/wandb/agents/pyagent.py", line 306, in _run_job
wandb: ERROR     self._function()
wandb: ERROR   File "/gpfs/work5/0/prjs1491/Attention-based-RL-MIL/run_rlmil.py", line 556, in main_sweep
wandb: ERROR     policy_network = train(
wandb: ERROR   File "/gpfs/work5/0/prjs1491/Attention-based-RL-MIL/run_rlmil.py", line 356, in train
wandb: ERROR     log_dict = get_first_batch_info(policy_network, eval_dataloader, device, bag_size, sample_algorithm)
wandb: ERROR   File "/gpfs/work5/0/prjs1491/Attention-based-RL-MIL/run_rlmil.py", line 309, in get_first_batch_info
wandb: ERROR     action, _ = sample_action(action_probs, bag_size, device, random=False, algorithm=sample_algorithm)
wandb: ERROR   File "/gpfs/work5/0/prjs1491/Attention-based-RL-MIL/models.py", line 540, in sample_action
wandb: ERROR     return sample_static_action(action_probs, n, device, random=random)
wandb: ERROR   File "/gpfs/work5/0/prjs1491/Attention-based-RL-MIL/models.py", line 588, in sample_static_action
wandb: ERROR     action = action_sort.indices[:, :n]
wandb: ERROR IndexError: too many indices for tensor of dimension 1
wandb: ERROR 
wandb: Sweep Agent: Waiting for job.
wandb: Sweep Agent: Exiting.
